{"/Users/codysecret1/Desktop/producer-radar/pages/api/discovery/placement.js": {"path":"/Users/codysecret1/Desktop/producer-radar/pages/api/discovery/placement.js","statementMap":{"0":{"start":{"line":15,"column":20},"end":{"line":15,"column":44}},"1":{"start":{"line":17,"column":22},"end":{"line":22,"column":1}},"2":{"start":{"line":23,"column":18},"end":{"line":23,"column":53}},"3":{"start":{"line":26,"column":2},"end":{"line":26,"column":49}},"4":{"start":{"line":26,"column":37},"end":{"line":26,"column":49}},"5":{"start":{"line":27,"column":18},"end":{"line":27,"column":46}},"6":{"start":{"line":28,"column":16},"end":{"line":28,"column":34}},"7":{"start":{"line":29,"column":17},"end":{"line":29,"column":54}},"8":{"start":{"line":30,"column":2},"end":{"line":30,"column":24}},"9":{"start":{"line":34,"column":2},"end":{"line":36,"column":25}},"10":{"start":{"line":36,"column":15},"end":{"line":36,"column":23}},"11":{"start":{"line":44,"column":2},"end":{"line":53,"column":3}},"12":{"start":{"line":45,"column":21},"end":{"line":45,"column":42}},"13":{"start":{"line":46,"column":4},"end":{"line":50,"column":14}},"14":{"start":{"line":52,"column":4},"end":{"line":52,"column":14}},"15":{"start":{"line":57,"column":2},"end":{"line":59,"column":3}},"16":{"start":{"line":58,"column":4},"end":{"line":58,"column":33}},"17":{"start":{"line":61,"column":16},"end":{"line":61,"column":40}},"18":{"start":{"line":62,"column":2},"end":{"line":64,"column":3}},"19":{"start":{"line":63,"column":4},"end":{"line":63,"column":78}},"20":{"start":{"line":66,"column":19},"end":{"line":66,"column":33}},"21":{"start":{"line":67,"column":2},"end":{"line":69,"column":3}},"22":{"start":{"line":68,"column":4},"end":{"line":68,"column":77}},"23":{"start":{"line":72,"column":19},"end":{"line":72,"column":103}},"24":{"start":{"line":73,"column":24},"end":{"line":73,"column":72}},"25":{"start":{"line":73,"column":50},"end":{"line":73,"column":70}},"26":{"start":{"line":74,"column":26},"end":{"line":76,"column":3}},"27":{"start":{"line":75,"column":22},"end":{"line":75,"column":53}},"28":{"start":{"line":78,"column":22},"end":{"line":78,"column":24}},"29":{"start":{"line":80,"column":30},"end":{"line":80,"column":39}},"30":{"start":{"line":82,"column":2},"end":{"line":179,"column":3}},"31":{"start":{"line":84,"column":4},"end":{"line":87,"column":5}},"32":{"start":{"line":85,"column":6},"end":{"line":85,"column":79}},"33":{"start":{"line":86,"column":6},"end":{"line":86,"column":15}},"34":{"start":{"line":89,"column":18},"end":{"line":89,"column":34}},"35":{"start":{"line":90,"column":4},"end":{"line":93,"column":5}},"36":{"start":{"line":91,"column":6},"end":{"line":91,"column":78}},"37":{"start":{"line":92,"column":6},"end":{"line":92,"column":15}},"38":{"start":{"line":95,"column":4},"end":{"line":178,"column":5}},"39":{"start":{"line":97,"column":25},"end":{"line":100,"column":7}},"40":{"start":{"line":101,"column":19},"end":{"line":101,"column":51}},"41":{"start":{"line":102,"column":22},"end":{"line":102,"column":55}},"42":{"start":{"line":102,"column":37},"end":{"line":102,"column":54}},"43":{"start":{"line":104,"column":6},"end":{"line":107,"column":7}},"44":{"start":{"line":105,"column":8},"end":{"line":105,"column":80}},"45":{"start":{"line":106,"column":8},"end":{"line":106,"column":17}},"46":{"start":{"line":109,"column":21},"end":{"line":109,"column":38}},"47":{"start":{"line":112,"column":23},"end":{"line":112,"column":67}},"48":{"start":{"line":113,"column":19},"end":{"line":113,"column":43}},"49":{"start":{"line":115,"column":6},"end":{"line":118,"column":7}},"50":{"start":{"line":116,"column":8},"end":{"line":116,"column":85}},"51":{"start":{"line":117,"column":8},"end":{"line":117,"column":17}},"52":{"start":{"line":120,"column":24},"end":{"line":120,"column":40}},"53":{"start":{"line":121,"column":25},"end":{"line":121,"column":56}},"54":{"start":{"line":122,"column":30},"end":{"line":122,"column":57}},"55":{"start":{"line":124,"column":28},"end":{"line":124,"column":30}},"56":{"start":{"line":127,"column":6},"end":{"line":168,"column":7}},"57":{"start":{"line":128,"column":8},"end":{"line":128,"column":55}},"58":{"start":{"line":128,"column":46},"end":{"line":128,"column":55}},"59":{"start":{"line":130,"column":28},"end":{"line":130,"column":30}},"60":{"start":{"line":131,"column":8},"end":{"line":136,"column":9}},"61":{"start":{"line":132,"column":29},"end":{"line":132,"column":80}},"62":{"start":{"line":133,"column":10},"end":{"line":133,"column":77}},"63":{"start":{"line":138,"column":26},"end":{"line":140,"column":14}},"64":{"start":{"line":142,"column":8},"end":{"line":142,"column":63}},"65":{"start":{"line":144,"column":20},"end":{"line":144,"column":47}},"66":{"start":{"line":145,"column":23},"end":{"line":145,"column":52}},"67":{"start":{"line":146,"column":8},"end":{"line":167,"column":9}},"68":{"start":{"line":147,"column":10},"end":{"line":154,"column":13}},"69":{"start":{"line":157,"column":24},"end":{"line":157,"column":52}},"70":{"start":{"line":158,"column":10},"end":{"line":160,"column":11}},"71":{"start":{"line":159,"column":12},"end":{"line":159,"column":80}},"72":{"start":{"line":161,"column":10},"end":{"line":163,"column":11}},"73":{"start":{"line":162,"column":12},"end":{"line":162,"column":43}},"74":{"start":{"line":164,"column":10},"end":{"line":166,"column":11}},"75":{"start":{"line":165,"column":12},"end":{"line":165,"column":40}},"76":{"start":{"line":170,"column":6},"end":{"line":175,"column":9}},"77":{"start":{"line":177,"column":6},"end":{"line":177,"column":68}},"78":{"start":{"line":181,"column":2},"end":{"line":191,"column":5}},"79":{"start":{"line":183,"column":23},"end":{"line":183,"column":62}},"80":{"start":{"line":183,"column":45},"end":{"line":183,"column":61}},"81":{"start":{"line":184,"column":25},"end":{"line":184,"column":65}},"82":{"start":{"line":184,"column":47},"end":{"line":184,"column":64}},"83":{"start":{"line":185,"column":25},"end":{"line":185,"column":64}},"84":{"start":{"line":186,"column":20},"end":{"line":186,"column":73}},"85":{"start":{"line":187,"column":35},"end":{"line":187,"column":36}},"86":{"start":{"line":188,"column":6},"end":{"line":188,"column":44}}},"fnMap":{"0":{"name":"normalizeInstagram","decl":{"start":{"line":25,"column":9},"end":{"line":25,"column":27}},"loc":{"start":{"line":25,"column":32},"end":{"line":31,"column":1}},"line":25},"1":{"name":"geniusFetch","decl":{"start":{"line":33,"column":9},"end":{"line":33,"column":20}},"loc":{"start":{"line":33,"column":34},"end":{"line":37,"column":1}},"line":33},"2":{"name":"(anonymous_2)","decl":{"start":{"line":36,"column":10},"end":{"line":36,"column":11}},"loc":{"start":{"line":36,"column":15},"end":{"line":36,"column":23}},"line":36},"3":{"name":"slugToQuery","decl":{"start":{"line":43,"column":9},"end":{"line":43,"column":20}},"loc":{"start":{"line":43,"column":26},"end":{"line":54,"column":1}},"line":43},"4":{"name":"handler","decl":{"start":{"line":56,"column":30},"end":{"line":56,"column":37}},"loc":{"start":{"line":56,"column":48},"end":{"line":192,"column":1}},"line":56},"5":{"name":"(anonymous_5)","decl":{"start":{"line":73,"column":45},"end":{"line":73,"column":46}},"loc":{"start":{"line":73,"column":50},"end":{"line":73,"column":70}},"line":73},"6":{"name":"(anonymous_6)","decl":{"start":{"line":75,"column":17},"end":{"line":75,"column":18}},"loc":{"start":{"line":75,"column":22},"end":{"line":75,"column":53}},"line":75},"7":{"name":"(anonymous_7)","decl":{"start":{"line":102,"column":32},"end":{"line":102,"column":33}},"loc":{"start":{"line":102,"column":37},"end":{"line":102,"column":54}},"line":102},"8":{"name":"(anonymous_8)","decl":{"start":{"line":182,"column":53},"end":{"line":182,"column":54}},"loc":{"start":{"line":182,"column":58},"end":{"line":189,"column":5}},"line":182},"9":{"name":"(anonymous_9)","decl":{"start":{"line":183,"column":40},"end":{"line":183,"column":41}},"loc":{"start":{"line":183,"column":45},"end":{"line":183,"column":61}},"line":183},"10":{"name":"(anonymous_10)","decl":{"start":{"line":184,"column":42},"end":{"line":184,"column":43}},"loc":{"start":{"line":184,"column":47},"end":{"line":184,"column":64}},"line":184}},"branchMap":{"0":{"loc":{"start":{"line":26,"column":2},"end":{"line":26,"column":49}},"type":"if","locations":[{"start":{"line":26,"column":2},"end":{"line":26,"column":49}},{"start":{},"end":{}}],"line":26},"1":{"loc":{"start":{"line":26,"column":6},"end":{"line":26,"column":35}},"type":"binary-expr","locations":[{"start":{"line":26,"column":6},"end":{"line":26,"column":9}},{"start":{"line":26,"column":13},"end":{"line":26,"column":35}}],"line":26},"2":{"loc":{"start":{"line":30,"column":9},"end":{"line":30,"column":23}},"type":"binary-expr","locations":[{"start":{"line":30,"column":9},"end":{"line":30,"column":15}},{"start":{"line":30,"column":19},"end":{"line":30,"column":23}}],"line":30},"3":{"loc":{"start":{"line":57,"column":2},"end":{"line":59,"column":3}},"type":"if","locations":[{"start":{"line":57,"column":2},"end":{"line":59,"column":3}},{"start":{},"end":{}}],"line":57},"4":{"loc":{"start":{"line":62,"column":2},"end":{"line":64,"column":3}},"type":"if","locations":[{"start":{"line":62,"column":2},"end":{"line":64,"column":3}},{"start":{},"end":{}}],"line":62},"5":{"loc":{"start":{"line":66,"column":19},"end":{"line":66,"column":33}},"type":"binary-expr","locations":[{"start":{"line":66,"column":19},"end":{"line":66,"column":27}},{"start":{"line":66,"column":31},"end":{"line":66,"column":33}}],"line":66},"6":{"loc":{"start":{"line":67,"column":2},"end":{"line":69,"column":3}},"type":"if","locations":[{"start":{"line":67,"column":2},"end":{"line":69,"column":3}},{"start":{},"end":{}}],"line":67},"7":{"loc":{"start":{"line":67,"column":6},"end":{"line":67,"column":47}},"type":"binary-expr","locations":[{"start":{"line":67,"column":6},"end":{"line":67,"column":26}},{"start":{"line":67,"column":30},"end":{"line":67,"column":47}}],"line":67},"8":{"loc":{"start":{"line":84,"column":4},"end":{"line":87,"column":5}},"type":"if","locations":[{"start":{"line":84,"column":4},"end":{"line":87,"column":5}},{"start":{},"end":{}}],"line":84},"9":{"loc":{"start":{"line":84,"column":8},"end":{"line":84,"column":62}},"type":"binary-expr","locations":[{"start":{"line":84,"column":8},"end":{"line":84,"column":31}},{"start":{"line":84,"column":35},"end":{"line":84,"column":62}}],"line":84},"10":{"loc":{"start":{"line":90,"column":4},"end":{"line":93,"column":5}},"type":"if","locations":[{"start":{"line":90,"column":4},"end":{"line":93,"column":5}},{"start":{},"end":{}}],"line":90},"11":{"loc":{"start":{"line":101,"column":19},"end":{"line":101,"column":51}},"type":"binary-expr","locations":[{"start":{"line":101,"column":19},"end":{"line":101,"column":45}},{"start":{"line":101,"column":49},"end":{"line":101,"column":51}}],"line":101},"12":{"loc":{"start":{"line":104,"column":6},"end":{"line":107,"column":7}},"type":"if","locations":[{"start":{"line":104,"column":6},"end":{"line":107,"column":7}},{"start":{},"end":{}}],"line":104},"13":{"loc":{"start":{"line":115,"column":6},"end":{"line":118,"column":7}},"type":"if","locations":[{"start":{"line":115,"column":6},"end":{"line":118,"column":7}},{"start":{},"end":{}}],"line":115},"14":{"loc":{"start":{"line":120,"column":24},"end":{"line":120,"column":40}},"type":"binary-expr","locations":[{"start":{"line":120,"column":24},"end":{"line":120,"column":34}},{"start":{"line":120,"column":38},"end":{"line":120,"column":40}}],"line":120},"15":{"loc":{"start":{"line":121,"column":25},"end":{"line":121,"column":56}},"type":"binary-expr","locations":[{"start":{"line":121,"column":25},"end":{"line":121,"column":50}},{"start":{"line":121,"column":54},"end":{"line":121,"column":56}}],"line":121},"16":{"loc":{"start":{"line":122,"column":30},"end":{"line":122,"column":57}},"type":"binary-expr","locations":[{"start":{"line":122,"column":30},"end":{"line":122,"column":51}},{"start":{"line":122,"column":55},"end":{"line":122,"column":57}}],"line":122},"17":{"loc":{"start":{"line":128,"column":8},"end":{"line":128,"column":55}},"type":"if","locations":[{"start":{"line":128,"column":8},"end":{"line":128,"column":55}},{"start":{},"end":{}}],"line":128},"18":{"loc":{"start":{"line":128,"column":12},"end":{"line":128,"column":44}},"type":"binary-expr","locations":[{"start":{"line":128,"column":12},"end":{"line":128,"column":25}},{"start":{"line":128,"column":29},"end":{"line":128,"column":44}}],"line":128},"19":{"loc":{"start":{"line":133,"column":26},"end":{"line":133,"column":76}},"type":"binary-expr","locations":[{"start":{"line":133,"column":26},"end":{"line":133,"column":70}},{"start":{"line":133,"column":74},"end":{"line":133,"column":76}}],"line":133},"20":{"loc":{"start":{"line":138,"column":26},"end":{"line":140,"column":14}},"type":"cond-expr","locations":[{"start":{"line":139,"column":12},"end":{"line":139,"column":52}},{"start":{"line":140,"column":12},"end":{"line":140,"column":14}}],"line":138},"21":{"loc":{"start":{"line":146,"column":8},"end":{"line":167,"column":9}},"type":"if","locations":[{"start":{"line":146,"column":8},"end":{"line":167,"column":9}},{"start":{"line":155,"column":15},"end":{"line":167,"column":9}}],"line":146},"22":{"loc":{"start":{"line":152,"column":21},"end":{"line":152,"column":51}},"type":"cond-expr","locations":[{"start":{"line":152,"column":34},"end":{"line":152,"column":46}},{"start":{"line":152,"column":49},"end":{"line":152,"column":51}}],"line":152},"23":{"loc":{"start":{"line":153,"column":25},"end":{"line":153,"column":99}},"type":"binary-expr","locations":[{"start":{"line":153,"column":25},"end":{"line":153,"column":47}},{"start":{"line":153,"column":52},"end":{"line":153,"column":67}},{"start":{"line":153,"column":71},"end":{"line":153,"column":98}}],"line":153},"24":{"loc":{"start":{"line":158,"column":10},"end":{"line":160,"column":11}},"type":"if","locations":[{"start":{"line":158,"column":10},"end":{"line":160,"column":11}},{"start":{},"end":{}}],"line":158},"25":{"loc":{"start":{"line":158,"column":14},"end":{"line":158,"column":58}},"type":"binary-expr","locations":[{"start":{"line":158,"column":14},"end":{"line":158,"column":23}},{"start":{"line":158,"column":27},"end":{"line":158,"column":58}}],"line":158},"26":{"loc":{"start":{"line":159,"column":25},"end":{"line":159,"column":79}},"type":"cond-expr","locations":[{"start":{"line":159,"column":38},"end":{"line":159,"column":67}},{"start":{"line":159,"column":70},"end":{"line":159,"column":79}}],"line":159},"27":{"loc":{"start":{"line":161,"column":10},"end":{"line":163,"column":11}},"type":"if","locations":[{"start":{"line":161,"column":10},"end":{"line":163,"column":11}},{"start":{},"end":{}}],"line":161},"28":{"loc":{"start":{"line":161,"column":14},"end":{"line":161,"column":63}},"type":"binary-expr","locations":[{"start":{"line":161,"column":14},"end":{"line":161,"column":24}},{"start":{"line":161,"column":28},"end":{"line":161,"column":63}}],"line":161},"29":{"loc":{"start":{"line":164,"column":10},"end":{"line":166,"column":11}},"type":"if","locations":[{"start":{"line":164,"column":10},"end":{"line":166,"column":11}},{"start":{},"end":{}}],"line":164},"30":{"loc":{"start":{"line":164,"column":14},"end":{"line":164,"column":43}},"type":"binary-expr","locations":[{"start":{"line":164,"column":14},"end":{"line":164,"column":30}},{"start":{"line":164,"column":34},"end":{"line":164,"column":43}}],"line":164},"31":{"loc":{"start":{"line":186,"column":20},"end":{"line":186,"column":73}},"type":"cond-expr","locations":[{"start":{"line":186,"column":42},"end":{"line":186,"column":68}},{"start":{"line":186,"column":71},"end":{"line":186,"column":73}}],"line":186}},"s":{"0":1,"1":1,"2":1,"3":3,"4":2,"5":1,"6":1,"7":1,"8":1,"9":8,"10":8,"11":4,"12":4,"13":4,"14":0,"15":9,"16":1,"17":8,"18":8,"19":1,"20":7,"21":7,"22":2,"23":5,"24":5,"25":1,"26":5,"27":1,"28":5,"29":5,"30":5,"31":5,"32":1,"33":1,"34":4,"35":4,"36":0,"37":0,"38":4,"39":4,"40":4,"41":4,"42":2,"43":4,"44":2,"45":2,"46":2,"47":2,"48":2,"49":2,"50":0,"51":0,"52":2,"53":2,"54":2,"55":2,"56":2,"57":2,"58":0,"59":2,"60":2,"61":2,"62":2,"63":2,"64":2,"65":2,"66":2,"67":2,"68":2,"69":0,"70":0,"71":0,"72":0,"73":0,"74":0,"75":0,"76":2,"77":0,"78":5,"79":2,"80":2,"81":2,"82":2,"83":2,"84":2,"85":2,"86":2},"f":{"0":3,"1":8,"2":8,"3":4,"4":9,"5":1,"6":1,"7":2,"8":2,"9":2,"10":2},"b":{"0":[2,1],"1":[3,1],"2":[1,0],"3":[1,8],"4":[1,7],"5":[7,0],"6":[2,5],"7":[7,6],"8":[1,4],"9":[5,5],"10":[0,4],"11":[4,0],"12":[2,2],"13":[0,2],"14":[2,0],"15":[2,0],"16":[2,0],"17":[0,2],"18":[2,2],"19":[2,1],"20":[1,1],"21":[2,0],"22":[2,0],"23":[2,1,1],"24":[0,0],"25":[0,0],"26":[0,0],"27":[0,0],"28":[0,0],"29":[0,0],"30":[0,0],"31":[0,2]},"_coverageSchema":"1a1c01bbd47fc00a2c39e90264f33305004495a9","hash":"97bcc3073dfcc481e56e2602533e15d4a266fb08"}
,"/Users/codysecret1/Desktop/producer-radar/src/lib/genius-parser.js": {"path":"/Users/codysecret1/Desktop/producer-radar/src/lib/genius-parser.js","statementMap":{"0":{"start":{"line":1,"column":24},"end":{"line":9,"column":1}},"1":{"start":{"line":12,"column":2},"end":{"line":12,"column":23}},"2":{"start":{"line":12,"column":13},"end":{"line":12,"column":23}},"3":{"start":{"line":13,"column":2},"end":{"line":13,"column":74}},"4":{"start":{"line":13,"column":49},"end":{"line":13,"column":72}},"5":{"start":{"line":17,"column":18},"end":{"line":21,"column":11}},"6":{"start":{"line":22,"column":2},"end":{"line":22,"column":17}},"7":{"start":{"line":26,"column":2},"end":{"line":26,"column":23}},"8":{"start":{"line":26,"column":13},"end":{"line":26,"column":23}},"9":{"start":{"line":27,"column":18},"end":{"line":27,"column":103}},"10":{"start":{"line":28,"column":2},"end":{"line":28,"column":76}},"11":{"start":{"line":28,"column":20},"end":{"line":28,"column":76}},"12":{"start":{"line":29,"column":21},"end":{"line":29,"column":59}},"13":{"start":{"line":30,"column":2},"end":{"line":30,"column":82}},"14":{"start":{"line":30,"column":23},"end":{"line":30,"column":82}},"15":{"start":{"line":31,"column":2},"end":{"line":31,"column":12}},"16":{"start":{"line":35,"column":22},"end":{"line":35,"column":109}},"17":{"start":{"line":36,"column":2},"end":{"line":36,"column":37}},"18":{"start":{"line":36,"column":25},"end":{"line":36,"column":37}},"19":{"start":{"line":37,"column":2},"end":{"line":41,"column":3}},"20":{"start":{"line":38,"column":4},"end":{"line":38,"column":45}},"21":{"start":{"line":40,"column":4},"end":{"line":40,"column":16}},"22":{"start":{"line":45,"column":2},"end":{"line":45,"column":23}},"23":{"start":{"line":45,"column":13},"end":{"line":45,"column":23}},"24":{"start":{"line":46,"column":21},"end":{"line":46,"column":56}},"25":{"start":{"line":47,"column":2},"end":{"line":50,"column":3}},"26":{"start":{"line":48,"column":19},"end":{"line":48,"column":39}},"27":{"start":{"line":49,"column":4},"end":{"line":49,"column":30}},"28":{"start":{"line":49,"column":16},"end":{"line":49,"column":30}},"29":{"start":{"line":51,"column":2},"end":{"line":51,"column":12}},"30":{"start":{"line":55,"column":2},"end":{"line":55,"column":23}},"31":{"start":{"line":55,"column":13},"end":{"line":55,"column":23}},"32":{"start":{"line":56,"column":15},"end":{"line":56,"column":32}},"33":{"start":{"line":57,"column":19},"end":{"line":57,"column":44}},"34":{"start":{"line":58,"column":2},"end":{"line":58,"column":52}},"35":{"start":{"line":58,"column":16},"end":{"line":58,"column":52}},"36":{"start":{"line":60,"column":22},"end":{"line":60,"column":113}},"37":{"start":{"line":61,"column":2},"end":{"line":65,"column":3}},"38":{"start":{"line":62,"column":17},"end":{"line":62,"column":51}},"39":{"start":{"line":63,"column":20},"end":{"line":63,"column":74}},"40":{"start":{"line":64,"column":4},"end":{"line":64,"column":47}},"41":{"start":{"line":64,"column":22},"end":{"line":64,"column":47}},"42":{"start":{"line":67,"column":2},"end":{"line":67,"column":12}},"43":{"start":{"line":71,"column":2},"end":{"line":71,"column":22}},"44":{"start":{"line":71,"column":12},"end":{"line":71,"column":22}},"45":{"start":{"line":72,"column":16},"end":{"line":72,"column":70}},"46":{"start":{"line":73,"column":2},"end":{"line":73,"column":29}},"47":{"start":{"line":73,"column":19},"end":{"line":73,"column":29}},"48":{"start":{"line":74,"column":2},"end":{"line":74,"column":45}},"49":{"start":{"line":78,"column":15},"end":{"line":78,"column":24}},"50":{"start":{"line":79,"column":2},"end":{"line":84,"column":5}},"51":{"start":{"line":80,"column":16},"end":{"line":80,"column":44}},"52":{"start":{"line":81,"column":4},"end":{"line":81,"column":44}},"53":{"start":{"line":81,"column":31},"end":{"line":81,"column":44}},"54":{"start":{"line":82,"column":4},"end":{"line":82,"column":18}},"55":{"start":{"line":83,"column":4},"end":{"line":83,"column":16}},"56":{"start":{"line":88,"column":2},"end":{"line":88,"column":23}},"57":{"start":{"line":88,"column":13},"end":{"line":88,"column":23}},"58":{"start":{"line":89,"column":23},"end":{"line":89,"column":63}},"59":{"start":{"line":90,"column":2},"end":{"line":90,"column":31}},"60":{"start":{"line":90,"column":21},"end":{"line":90,"column":31}},"61":{"start":{"line":92,"column":22},"end":{"line":92,"column":75}},"62":{"start":{"line":93,"column":18},"end":{"line":96,"column":5}},"63":{"start":{"line":93,"column":69},"end":{"line":96,"column":3}},"64":{"start":{"line":98,"column":20},"end":{"line":98,"column":22}},"65":{"start":{"line":99,"column":2},"end":{"line":106,"column":3}},"66":{"start":{"line":100,"column":4},"end":{"line":105,"column":5}},"67":{"start":{"line":101,"column":6},"end":{"line":101,"column":66}},"68":{"start":{"line":101,"column":18},"end":{"line":101,"column":66}},"69":{"start":{"line":102,"column":11},"end":{"line":105,"column":5}},"70":{"start":{"line":103,"column":19},"end":{"line":103,"column":35}},"71":{"start":{"line":104,"column":6},"end":{"line":104,"column":75}},"72":{"start":{"line":104,"column":16},"end":{"line":104,"column":75}},"73":{"start":{"line":108,"column":2},"end":{"line":108,"column":33}},"74":{"start":{"line":112,"column":2},"end":{"line":112,"column":43}},"75":{"start":{"line":112,"column":31},"end":{"line":112,"column":43}},"76":{"start":{"line":113,"column":16},"end":{"line":113,"column":57}},"77":{"start":{"line":114,"column":2},"end":{"line":114,"column":33}},"78":{"start":{"line":114,"column":21},"end":{"line":114,"column":33}},"79":{"start":{"line":115,"column":15},"end":{"line":115,"column":23}},"80":{"start":{"line":117,"column":21},"end":{"line":117,"column":38}},"81":{"start":{"line":118,"column":17},"end":{"line":118,"column":49}},"82":{"start":{"line":120,"column":17},"end":{"line":120,"column":48}},"83":{"start":{"line":121,"column":24},"end":{"line":123,"column":37}},"84":{"start":{"line":122,"column":19},"end":{"line":122,"column":54}},"85":{"start":{"line":123,"column":20},"end":{"line":123,"column":36}},"86":{"start":{"line":125,"column":26},"end":{"line":125,"column":54}},"87":{"start":{"line":127,"column":20},"end":{"line":129,"column":26}},"88":{"start":{"line":128,"column":17},"end":{"line":128,"column":40}},"89":{"start":{"line":129,"column":19},"end":{"line":129,"column":25}},"90":{"start":{"line":131,"column":2},"end":{"line":135,"column":4}},"91":{"start":{"line":139,"column":2},"end":{"line":143,"column":4}}},"fnMap":{"0":{"name":"decodeHtmlEntities","decl":{"start":{"line":11,"column":16},"end":{"line":11,"column":34}},"loc":{"start":{"line":11,"column":41},"end":{"line":14,"column":1}},"line":11},"1":{"name":"(anonymous_1)","decl":{"start":{"line":13,"column":42},"end":{"line":13,"column":43}},"loc":{"start":{"line":13,"column":49},"end":{"line":13,"column":72}},"line":13},"2":{"name":"stripTitleSuffix","decl":{"start":{"line":16,"column":9},"end":{"line":16,"column":25}},"loc":{"start":{"line":16,"column":33},"end":{"line":23,"column":1}},"line":16},"3":{"name":"extractTitle","decl":{"start":{"line":25,"column":16},"end":{"line":25,"column":28}},"loc":{"start":{"line":25,"column":35},"end":{"line":32,"column":1}},"line":25},"4":{"name":"parseJsonLd","decl":{"start":{"line":34,"column":9},"end":{"line":34,"column":20}},"loc":{"start":{"line":34,"column":27},"end":{"line":42,"column":1}},"line":34},"5":{"name":"getArtistFromJsonLd","decl":{"start":{"line":44,"column":9},"end":{"line":44,"column":28}},"loc":{"start":{"line":44,"column":35},"end":{"line":52,"column":1}},"line":44},"6":{"name":"extractArtist","decl":{"start":{"line":54,"column":16},"end":{"line":54,"column":29}},"loc":{"start":{"line":54,"column":36},"end":{"line":68,"column":1}},"line":54},"7":{"name":"extractInstagramFromUrl","decl":{"start":{"line":70,"column":16},"end":{"line":70,"column":39}},"loc":{"start":{"line":70,"column":45},"end":{"line":75,"column":1}},"line":70},"8":{"name":"uniqueByName","decl":{"start":{"line":77,"column":9},"end":{"line":77,"column":21}},"loc":{"start":{"line":77,"column":33},"end":{"line":85,"column":1}},"line":77},"9":{"name":"(anonymous_9)","decl":{"start":{"line":79,"column":26},"end":{"line":79,"column":27}},"loc":{"start":{"line":79,"column":33},"end":{"line":84,"column":3}},"line":79},"10":{"name":"extractProducersFromHtml","decl":{"start":{"line":87,"column":16},"end":{"line":87,"column":40}},"loc":{"start":{"line":87,"column":47},"end":{"line":109,"column":1}},"line":87},"11":{"name":"(anonymous_11)","decl":{"start":{"line":93,"column":61},"end":{"line":93,"column":62}},"loc":{"start":{"line":93,"column":69},"end":{"line":96,"column":3}},"line":93},"12":{"name":"extractFromState","decl":{"start":{"line":111,"column":16},"end":{"line":111,"column":32}},"loc":{"start":{"line":111,"column":40},"end":{"line":136,"column":1}},"line":111},"13":{"name":"(anonymous_13)","decl":{"start":{"line":122,"column":12},"end":{"line":122,"column":13}},"loc":{"start":{"line":122,"column":19},"end":{"line":122,"column":54}},"line":122},"14":{"name":"(anonymous_14)","decl":{"start":{"line":123,"column":13},"end":{"line":123,"column":14}},"loc":{"start":{"line":123,"column":20},"end":{"line":123,"column":36}},"line":123},"15":{"name":"(anonymous_15)","decl":{"start":{"line":128,"column":9},"end":{"line":128,"column":10}},"loc":{"start":{"line":128,"column":17},"end":{"line":128,"column":40}},"line":128},"16":{"name":"(anonymous_16)","decl":{"start":{"line":129,"column":12},"end":{"line":129,"column":13}},"loc":{"start":{"line":129,"column":19},"end":{"line":129,"column":25}},"line":129},"17":{"name":"extractFromHtml","decl":{"start":{"line":138,"column":16},"end":{"line":138,"column":31}},"loc":{"start":{"line":138,"column":38},"end":{"line":144,"column":1}},"line":138}},"branchMap":{"0":{"loc":{"start":{"line":12,"column":2},"end":{"line":12,"column":23}},"type":"if","locations":[{"start":{"line":12,"column":2},"end":{"line":12,"column":23}},{"start":{},"end":{}}],"line":12},"1":{"loc":{"start":{"line":13,"column":49},"end":{"line":13,"column":72}},"type":"binary-expr","locations":[{"start":{"line":13,"column":49},"end":{"line":13,"column":67}},{"start":{"line":13,"column":71},"end":{"line":13,"column":72}}],"line":13},"2":{"loc":{"start":{"line":26,"column":2},"end":{"line":26,"column":23}},"type":"if","locations":[{"start":{"line":26,"column":2},"end":{"line":26,"column":23}},{"start":{},"end":{}}],"line":26},"3":{"loc":{"start":{"line":28,"column":2},"end":{"line":28,"column":76}},"type":"if","locations":[{"start":{"line":28,"column":2},"end":{"line":28,"column":76}},{"start":{},"end":{}}],"line":28},"4":{"loc":{"start":{"line":30,"column":2},"end":{"line":30,"column":82}},"type":"if","locations":[{"start":{"line":30,"column":2},"end":{"line":30,"column":82}},{"start":{},"end":{}}],"line":30},"5":{"loc":{"start":{"line":36,"column":2},"end":{"line":36,"column":37}},"type":"if","locations":[{"start":{"line":36,"column":2},"end":{"line":36,"column":37}},{"start":{},"end":{}}],"line":36},"6":{"loc":{"start":{"line":45,"column":2},"end":{"line":45,"column":23}},"type":"if","locations":[{"start":{"line":45,"column":2},"end":{"line":45,"column":23}},{"start":{},"end":{}}],"line":45},"7":{"loc":{"start":{"line":46,"column":21},"end":{"line":46,"column":56}},"type":"cond-expr","locations":[{"start":{"line":46,"column":43},"end":{"line":46,"column":47}},{"start":{"line":46,"column":50},"end":{"line":46,"column":56}}],"line":46},"8":{"loc":{"start":{"line":49,"column":4},"end":{"line":49,"column":30}},"type":"if","locations":[{"start":{"line":49,"column":4},"end":{"line":49,"column":30}},{"start":{},"end":{}}],"line":49},"9":{"loc":{"start":{"line":55,"column":2},"end":{"line":55,"column":23}},"type":"if","locations":[{"start":{"line":55,"column":2},"end":{"line":55,"column":23}},{"start":{},"end":{}}],"line":55},"10":{"loc":{"start":{"line":58,"column":2},"end":{"line":58,"column":52}},"type":"if","locations":[{"start":{"line":58,"column":2},"end":{"line":58,"column":52}},{"start":{},"end":{}}],"line":58},"11":{"loc":{"start":{"line":61,"column":2},"end":{"line":65,"column":3}},"type":"if","locations":[{"start":{"line":61,"column":2},"end":{"line":65,"column":3}},{"start":{},"end":{}}],"line":61},"12":{"loc":{"start":{"line":64,"column":4},"end":{"line":64,"column":47}},"type":"if","locations":[{"start":{"line":64,"column":4},"end":{"line":64,"column":47}},{"start":{},"end":{}}],"line":64},"13":{"loc":{"start":{"line":71,"column":2},"end":{"line":71,"column":22}},"type":"if","locations":[{"start":{"line":71,"column":2},"end":{"line":71,"column":22}},{"start":{},"end":{}}],"line":71},"14":{"loc":{"start":{"line":73,"column":2},"end":{"line":73,"column":29}},"type":"if","locations":[{"start":{"line":73,"column":2},"end":{"line":73,"column":29}},{"start":{},"end":{}}],"line":73},"15":{"loc":{"start":{"line":80,"column":17},"end":{"line":80,"column":29}},"type":"binary-expr","locations":[{"start":{"line":80,"column":17},"end":{"line":80,"column":23}},{"start":{"line":80,"column":27},"end":{"line":80,"column":29}}],"line":80},"16":{"loc":{"start":{"line":81,"column":4},"end":{"line":81,"column":44}},"type":"if","locations":[{"start":{"line":81,"column":4},"end":{"line":81,"column":44}},{"start":{},"end":{}}],"line":81},"17":{"loc":{"start":{"line":81,"column":8},"end":{"line":81,"column":29}},"type":"binary-expr","locations":[{"start":{"line":81,"column":8},"end":{"line":81,"column":12}},{"start":{"line":81,"column":16},"end":{"line":81,"column":29}}],"line":81},"18":{"loc":{"start":{"line":88,"column":2},"end":{"line":88,"column":23}},"type":"if","locations":[{"start":{"line":88,"column":2},"end":{"line":88,"column":23}},{"start":{},"end":{}}],"line":88},"19":{"loc":{"start":{"line":90,"column":2},"end":{"line":90,"column":31}},"type":"if","locations":[{"start":{"line":90,"column":2},"end":{"line":90,"column":31}},{"start":{},"end":{}}],"line":90},"20":{"loc":{"start":{"line":100,"column":4},"end":{"line":105,"column":5}},"type":"if","locations":[{"start":{"line":100,"column":4},"end":{"line":105,"column":5}},{"start":{"line":102,"column":11},"end":{"line":105,"column":5}}],"line":100},"21":{"loc":{"start":{"line":101,"column":6},"end":{"line":101,"column":66}},"type":"if","locations":[{"start":{"line":101,"column":6},"end":{"line":101,"column":66}},{"start":{},"end":{}}],"line":101},"22":{"loc":{"start":{"line":102,"column":11},"end":{"line":105,"column":5}},"type":"if","locations":[{"start":{"line":102,"column":11},"end":{"line":105,"column":5}},{"start":{},"end":{}}],"line":102},"23":{"loc":{"start":{"line":104,"column":6},"end":{"line":104,"column":75}},"type":"if","locations":[{"start":{"line":104,"column":6},"end":{"line":104,"column":75}},{"start":{},"end":{}}],"line":104},"24":{"loc":{"start":{"line":104,"column":33},"end":{"line":104,"column":74}},"type":"binary-expr","locations":[{"start":{"line":104,"column":33},"end":{"line":104,"column":64}},{"start":{"line":104,"column":68},"end":{"line":104,"column":74}}],"line":104},"25":{"loc":{"start":{"line":112,"column":2},"end":{"line":112,"column":43}},"type":"if","locations":[{"start":{"line":112,"column":2},"end":{"line":112,"column":43}},{"start":{},"end":{}}],"line":112},"26":{"loc":{"start":{"line":113,"column":30},"end":{"line":113,"column":56}},"type":"binary-expr","locations":[{"start":{"line":113,"column":30},"end":{"line":113,"column":50}},{"start":{"line":113,"column":54},"end":{"line":113,"column":56}}],"line":113},"27":{"loc":{"start":{"line":114,"column":2},"end":{"line":114,"column":33}},"type":"if","locations":[{"start":{"line":114,"column":2},"end":{"line":114,"column":33}},{"start":{},"end":{}}],"line":114},"28":{"loc":{"start":{"line":117,"column":21},"end":{"line":117,"column":38}},"type":"binary-expr","locations":[{"start":{"line":117,"column":21},"end":{"line":117,"column":32}},{"start":{"line":117,"column":36},"end":{"line":117,"column":38}}],"line":117},"29":{"loc":{"start":{"line":118,"column":17},"end":{"line":118,"column":49}},"type":"binary-expr","locations":[{"start":{"line":118,"column":17},"end":{"line":118,"column":43}},{"start":{"line":118,"column":47},"end":{"line":118,"column":49}}],"line":118},"30":{"loc":{"start":{"line":120,"column":17},"end":{"line":120,"column":48}},"type":"binary-expr","locations":[{"start":{"line":120,"column":17},"end":{"line":120,"column":42}},{"start":{"line":120,"column":46},"end":{"line":120,"column":48}}],"line":120},"31":{"loc":{"start":{"line":122,"column":39},"end":{"line":122,"column":53}},"type":"binary-expr","locations":[{"start":{"line":122,"column":39},"end":{"line":122,"column":47}},{"start":{"line":122,"column":51},"end":{"line":122,"column":53}}],"line":122},"32":{"loc":{"start":{"line":123,"column":20},"end":{"line":123,"column":36}},"type":"binary-expr","locations":[{"start":{"line":123,"column":20},"end":{"line":123,"column":30}},{"start":{"line":123,"column":34},"end":{"line":123,"column":36}}],"line":123},"33":{"loc":{"start":{"line":125,"column":26},"end":{"line":125,"column":54}},"type":"binary-expr","locations":[{"start":{"line":125,"column":26},"end":{"line":125,"column":48}},{"start":{"line":125,"column":52},"end":{"line":125,"column":54}}],"line":125},"34":{"loc":{"start":{"line":128,"column":25},"end":{"line":128,"column":38}},"type":"binary-expr","locations":[{"start":{"line":128,"column":25},"end":{"line":128,"column":32}},{"start":{"line":128,"column":36},"end":{"line":128,"column":38}}],"line":128}},"s":{"0":1,"1":14,"2":0,"3":14,"4":3,"5":3,"6":3,"7":4,"8":0,"9":4,"10":4,"11":1,"12":3,"13":3,"14":2,"15":1,"16":4,"17":4,"18":3,"19":1,"20":1,"21":0,"22":4,"23":3,"24":1,"25":1,"26":1,"27":1,"28":1,"29":0,"30":4,"31":0,"32":4,"33":4,"34":4,"35":1,"36":3,"37":3,"38":2,"39":2,"40":2,"41":2,"42":1,"43":5,"44":2,"45":3,"46":3,"47":1,"48":2,"49":7,"50":7,"51":9,"52":9,"53":1,"54":8,"55":8,"56":5,"57":0,"58":5,"59":5,"60":1,"61":4,"62":4,"63":6,"64":4,"65":4,"66":6,"67":5,"68":5,"69":1,"70":1,"71":1,"72":1,"73":4,"74":5,"75":2,"76":3,"77":3,"78":0,"79":3,"80":3,"81":3,"82":3,"83":3,"84":2,"85":2,"86":3,"87":3,"88":5,"89":5,"90":3,"91":1},"f":{"0":14,"1":3,"2":3,"3":4,"4":4,"5":4,"6":4,"7":5,"8":7,"9":9,"10":5,"11":6,"12":5,"13":2,"14":2,"15":5,"16":5,"17":1},"b":{"0":[0,14],"1":[3,0],"2":[0,4],"3":[1,3],"4":[2,1],"5":[3,1],"6":[3,1],"7":[0,1],"8":[1,0],"9":[0,4],"10":[1,3],"11":[2,1],"12":[2,0],"13":[2,3],"14":[1,2],"15":[9,0],"16":[1,8],"17":[9,9],"18":[0,5],"19":[1,4],"20":[5,1],"21":[5,0],"22":[1,0],"23":[1,0],"24":[1,0],"25":[2,3],"26":[3,0],"27":[0,3],"28":[3,0],"29":[3,1],"30":[3,0],"31":[2,0],"32":[2,0],"33":[3,2],"34":[5,1]},"_coverageSchema":"1a1c01bbd47fc00a2c39e90264f33305004495a9","hash":"14ac9b72d4a11ad4fa8dce08e6c1a0c938d4ed93"}
}
