TN:
SF:pages/api/discovery/placement.js
FN:25,normalizeInstagram
FN:33,geniusFetch
FN:36,(anonymous_2)
FN:43,slugToQuery
FN:56,handler
FN:73,(anonymous_5)
FN:75,(anonymous_6)
FN:102,(anonymous_7)
FN:182,(anonymous_8)
FN:183,(anonymous_9)
FN:184,(anonymous_10)
FNF:11
FNH:11
FNDA:3,normalizeInstagram
FNDA:8,geniusFetch
FNDA:8,(anonymous_2)
FNDA:4,slugToQuery
FNDA:9,handler
FNDA:1,(anonymous_5)
FNDA:1,(anonymous_6)
FNDA:2,(anonymous_7)
FNDA:2,(anonymous_8)
FNDA:2,(anonymous_9)
FNDA:2,(anonymous_10)
DA:15,1
DA:17,1
DA:23,1
DA:26,3
DA:27,1
DA:28,1
DA:29,1
DA:30,1
DA:34,8
DA:36,8
DA:44,4
DA:45,4
DA:46,4
DA:52,0
DA:57,9
DA:58,1
DA:61,8
DA:62,8
DA:63,1
DA:66,7
DA:67,7
DA:68,2
DA:72,5
DA:73,5
DA:74,5
DA:75,1
DA:78,5
DA:80,5
DA:82,5
DA:84,5
DA:85,1
DA:86,1
DA:89,4
DA:90,4
DA:91,0
DA:92,0
DA:95,4
DA:97,4
DA:101,4
DA:102,4
DA:104,4
DA:105,2
DA:106,2
DA:109,2
DA:112,2
DA:113,2
DA:115,2
DA:116,0
DA:117,0
DA:120,2
DA:121,2
DA:122,2
DA:124,2
DA:127,2
DA:128,2
DA:130,2
DA:131,2
DA:132,2
DA:133,2
DA:138,2
DA:142,2
DA:144,2
DA:145,2
DA:146,2
DA:147,2
DA:157,0
DA:158,0
DA:159,0
DA:161,0
DA:162,0
DA:164,0
DA:165,0
DA:170,2
DA:177,0
DA:181,5
DA:183,2
DA:184,2
DA:185,2
DA:186,2
DA:187,2
DA:188,2
LF:81
LH:68
BRDA:26,0,0,2
BRDA:26,0,1,1
BRDA:26,1,0,3
BRDA:26,1,1,1
BRDA:30,2,0,1
BRDA:30,2,1,0
BRDA:57,3,0,1
BRDA:57,3,1,8
BRDA:62,4,0,1
BRDA:62,4,1,7
BRDA:66,5,0,7
BRDA:66,5,1,0
BRDA:67,6,0,2
BRDA:67,6,1,5
BRDA:67,7,0,7
BRDA:67,7,1,6
BRDA:84,8,0,1
BRDA:84,8,1,4
BRDA:84,9,0,5
BRDA:84,9,1,5
BRDA:90,10,0,0
BRDA:90,10,1,4
BRDA:101,11,0,4
BRDA:101,11,1,0
BRDA:104,12,0,2
BRDA:104,12,1,2
BRDA:115,13,0,0
BRDA:115,13,1,2
BRDA:120,14,0,2
BRDA:120,14,1,0
BRDA:121,15,0,2
BRDA:121,15,1,0
BRDA:122,16,0,2
BRDA:122,16,1,0
BRDA:128,17,0,0
BRDA:128,17,1,2
BRDA:128,18,0,2
BRDA:128,18,1,2
BRDA:133,19,0,2
BRDA:133,19,1,1
BRDA:138,20,0,1
BRDA:138,20,1,1
BRDA:146,21,0,2
BRDA:146,21,1,0
BRDA:152,22,0,2
BRDA:152,22,1,0
BRDA:153,23,0,2
BRDA:153,23,1,1
BRDA:153,23,2,1
BRDA:158,24,0,0
BRDA:158,24,1,0
BRDA:158,25,0,0
BRDA:158,25,1,0
BRDA:159,26,0,0
BRDA:159,26,1,0
BRDA:161,27,0,0
BRDA:161,27,1,0
BRDA:161,28,0,0
BRDA:161,28,1,0
BRDA:164,29,0,0
BRDA:164,29,1,0
BRDA:164,30,0,0
BRDA:164,30,1,0
BRDA:186,31,0,0
BRDA:186,31,1,2
BRF:65
BRH:39
end_of_record
TN:
SF:src/lib/genius-parser.js
FN:11,decodeHtmlEntities
FN:13,(anonymous_1)
FN:16,stripTitleSuffix
FN:25,extractTitle
FN:34,parseJsonLd
FN:44,getArtistFromJsonLd
FN:54,extractArtist
FN:70,extractInstagramFromUrl
FN:77,uniqueByName
FN:79,(anonymous_9)
FN:87,extractProducersFromHtml
FN:93,(anonymous_11)
FN:111,extractFromState
FN:122,(anonymous_13)
FN:123,(anonymous_14)
FN:128,(anonymous_15)
FN:129,(anonymous_16)
FN:138,extractFromHtml
FNF:18
FNH:18
FNDA:14,decodeHtmlEntities
FNDA:3,(anonymous_1)
FNDA:3,stripTitleSuffix
FNDA:4,extractTitle
FNDA:4,parseJsonLd
FNDA:4,getArtistFromJsonLd
FNDA:4,extractArtist
FNDA:5,extractInstagramFromUrl
FNDA:7,uniqueByName
FNDA:9,(anonymous_9)
FNDA:5,extractProducersFromHtml
FNDA:6,(anonymous_11)
FNDA:5,extractFromState
FNDA:2,(anonymous_13)
FNDA:2,(anonymous_14)
FNDA:5,(anonymous_15)
FNDA:5,(anonymous_16)
FNDA:1,extractFromHtml
DA:1,1
DA:12,14
DA:13,14
DA:17,3
DA:22,3
DA:26,4
DA:27,4
DA:28,4
DA:29,3
DA:30,3
DA:31,1
DA:35,4
DA:36,4
DA:37,1
DA:38,1
DA:40,0
DA:45,4
DA:46,1
DA:47,1
DA:48,1
DA:49,1
DA:51,0
DA:55,4
DA:56,4
DA:57,4
DA:58,4
DA:60,3
DA:61,3
DA:62,2
DA:63,2
DA:64,2
DA:67,1
DA:71,5
DA:72,3
DA:73,3
DA:74,2
DA:78,7
DA:79,7
DA:80,9
DA:81,9
DA:82,8
DA:83,8
DA:88,5
DA:89,5
DA:90,5
DA:92,4
DA:93,6
DA:98,4
DA:99,4
DA:100,6
DA:101,5
DA:102,1
DA:103,1
DA:104,1
DA:108,4
DA:112,5
DA:113,3
DA:114,3
DA:115,3
DA:117,3
DA:118,3
DA:120,3
DA:121,3
DA:122,2
DA:123,2
DA:125,3
DA:127,3
DA:128,5
DA:129,5
DA:131,3
DA:139,1
LF:71
LH:69
BRDA:12,0,0,0
BRDA:12,0,1,14
BRDA:13,1,0,3
BRDA:13,1,1,0
BRDA:26,2,0,0
BRDA:26,2,1,4
BRDA:28,3,0,1
BRDA:28,3,1,3
BRDA:30,4,0,2
BRDA:30,4,1,1
BRDA:36,5,0,3
BRDA:36,5,1,1
BRDA:45,6,0,3
BRDA:45,6,1,1
BRDA:46,7,0,0
BRDA:46,7,1,1
BRDA:49,8,0,1
BRDA:49,8,1,0
BRDA:55,9,0,0
BRDA:55,9,1,4
BRDA:58,10,0,1
BRDA:58,10,1,3
BRDA:61,11,0,2
BRDA:61,11,1,1
BRDA:64,12,0,2
BRDA:64,12,1,0
BRDA:71,13,0,2
BRDA:71,13,1,3
BRDA:73,14,0,1
BRDA:73,14,1,2
BRDA:80,15,0,9
BRDA:80,15,1,0
BRDA:81,16,0,1
BRDA:81,16,1,8
BRDA:81,17,0,9
BRDA:81,17,1,9
BRDA:88,18,0,0
BRDA:88,18,1,5
BRDA:90,19,0,1
BRDA:90,19,1,4
BRDA:100,20,0,5
BRDA:100,20,1,1
BRDA:101,21,0,5
BRDA:101,21,1,0
BRDA:102,22,0,1
BRDA:102,22,1,0
BRDA:104,23,0,1
BRDA:104,23,1,0
BRDA:104,24,0,1
BRDA:104,24,1,0
BRDA:112,25,0,2
BRDA:112,25,1,3
BRDA:113,26,0,3
BRDA:113,26,1,0
BRDA:114,27,0,0
BRDA:114,27,1,3
BRDA:117,28,0,3
BRDA:117,28,1,0
BRDA:118,29,0,3
BRDA:118,29,1,1
BRDA:120,30,0,3
BRDA:120,30,1,0
BRDA:122,31,0,2
BRDA:122,31,1,0
BRDA:123,32,0,2
BRDA:123,32,1,0
BRDA:125,33,0,3
BRDA:125,33,1,2
BRDA:128,34,0,5
BRDA:128,34,1,1
BRF:70
BRH:51
end_of_record
